build/app/outputs/mapping/release/seeds.txt
com.yourcompany.flutterchatapp.MainActivity: MainActivity()
com.yourcompany.flutterchatapp.MainActivity
...
io.flutter.view.FlutterView: android.view.accessibility.AccessibilityNodeProvider getAccessibilityNodeProvider()
com.google.android.gms.measurement.internal.AppMeasurementDynamiteService: void logEventAndBundle(java.lang.String,java.lang.String,android.os.Bundle,com.google.android.gms.internal.measurement.zzn,long)
com.google.android.gms.common.util.DynamiteApi
com.google.android.gms.internal.firebase_auth.zzfr: android.os.Parcelable$Creator CREATOR
io.flutter.embedding.engine.FlutterJNI: void nativeOnVsync(long,long,long)
io.flutter.plugins.firebase.core.FlutterFirebaseAppRegistrar: java.util.List getComponents()
android.support.v4.graphics.drawable.IconCompatParcelizer: void write(androidx.core.graphics.drawable.IconCompat,androidx.versionedparcelable.VersionedParcel)
com.google.android.gms.internal.measurement.zzbs$zzi: com.google.android.gms.internal.measurement.zzbs$zzi zzg
com.google.android.gms.internal.firebase_auth.zzbx: android.os.Parcelable$Creator CREATOR
com.google.android.gms.measurement.AppMeasurement$ConditionalUserProperty: android.os.Bundle mExpiredEventParams
com.google.android.gms.internal.measurement.zzbk$zzb: boolean zzg
com.google.android.gms.internal.measurement.zzbs$zza: int zzd
io.flutter.plugin.platform.SingleViewPresentation: java.lang.Object createParams
com.google.android.gms.internal.measurement.zzbs$zzh: int zzd
io.flutter.view.AccessibilityViewEmbedder: void copyAccessibilityFields(android.view.accessibility.AccessibilityNodeInfo,android.view.accessibility.AccessibilityNodeInfo)
com.google.android.gms.internal.firebase_auth.zzew: android.os.Parcelable$Creator CREATOR
com.google.android.gms.internal.measurement.zzbs$zzg: java.lang.String zzw
com.google.firebase.database.logging.Logger$Level: com.google.firebase.database.logging.Logger$Level valueOf(java.lang.String)
io.flutter.embedding.engine.plugins.lifecycle.HiddenLifecycleReference: androidx.lifecycle.Lifecycle lifecycle
com.google.android.gms.internal.measurement.zzv: android.os.Parcelable$Creator CREATOR
io.flutter.embedding.engine.FlutterJNI: android.graphics.Bitmap nativeGetBitmap(long)
com.google.android.gms.internal.measurement.zzbk$zze: java.lang.String zze
com.google.android.gms.internal.measurement.zzbs$zzf: com.google.android.gms.internal.measurement.zzfn zzc
com.google.android.gms.measurement.AppMeasurementJobService: AppMeasurementJobService()
com.google.firebase.database.connection.Connection$State: com.google.firebase.database.connection.Connection$State[] values()
com.google.android.gms.internal.measurement.zzbs$zzg: java.lang.String zzau
io.flutter.embedding.engine.FlutterJNI: void updateSemantics(java.nio.ByteBuffer,java.lang.String[])
com.google.android.gms.internal.measurement.zzbs$zzh: int zzc
androidx.lifecycle.Lifecycle$Event: androidx.lifecycle.Lifecycle$Event ON_RESUME
com.google.android.gms.measurement.internal.AppMeasurementDynamiteService: void registerOnMeasurementEventListener(com.google.android.gms.internal.measurement.zzs)
com.google.android.gms.base.R$drawable: int common_google_signin_btn_icon_light_focused
com.google.android.gms.internal.measurement.zzbq$zzc: com.google.android.gms.internal.measurement.zzgz zzg
com.google.android.gms.internal.measurement.zzbq$zzb: boolean zzk
com.google.android.gms.signin.internal.zai: android.os.Parcelable$Creator CREATOR
io.flutter.view.FlutterCallbackInformation: java.lang.String callbackName
com.google.android.gms.measurement.AppMeasurement: java.lang.String getCurrentScreenName()
com.google.android.gms.internal.firebase_auth.zzfm: android.os.Parcelable$Creator CREATOR
androidx.core.app.CoreComponentFactory
io.flutter.embedding.engine.FlutterJNI: void nativeDispatchPointerDataPacket(long,java.nio.ByteBuffer,int)
io.flutter.embedding.engine.systemchannels.PlatformChannel$SystemUiOverlay: io.flutter.embedding.engine.systemchannels.PlatformChannel$SystemUiOverlay[] values()
io.flutter.view.FlutterView: void setInitialRoute(java.lang.String)