build/app/outputs/mapping/release/mapping.txt
# compiler: R8
# compiler_version: 1.6.67
# min_api: 16
# pg_map_id: 74bfd8b
# common_typos_disable
...
com.google.android.gms.common.internal.ConnectionErrorMessages -> com.google.android.gms.common.internal.e:
    androidx.collection.SimpleArrayMap zaor -> a
    java.lang.String getAppName(android.content.Context) -> a
    java.lang.String getErrorDialogButtonMessage(android.content.Context,int) -> a
    java.lang.String zaa(android.content.Context,java.lang.String) -> a
    java.lang.String zaa(android.content.Context,java.lang.String,java.lang.String) -> a
    java.lang.String getDefaultNotificationChannelName(android.content.Context) -> b
    java.lang.String getErrorMessage(android.content.Context,int) -> b
    java.lang.String getErrorNotificationMessage(android.content.Context,int) -> c
    java.lang.String getErrorNotificationTitle(android.content.Context,int) -> d
    java.lang.String getErrorTitle(android.content.Context,int) -> e
com.google.android.gms.common.internal.DialogRedirect -> com.google.android.gms.common.internal.f:
    com.google.android.gms.common.internal.DialogRedirect getInstance(android.app.Activity,android.content.Intent,int) -> a
    com.google.android.gms.common.internal.DialogRedirect getInstance(com.google.android.gms.common.api.internal.LifecycleFragment,android.content.Intent,int) -> a
    void redirect() -> a
com.google.android.gms.common.internal.GetServiceRequest -> com.google.android.gms.common.internal.g:
    android.os.IBinder zzdi -> f
    com.google.android.gms.common.api.Scope[] zzdj -> g
    boolean zzdo -> l
    com.google.android.gms.common.Feature[] zzdn -> k
    android.accounts.Account zzdl -> i
    com.google.android.gms.common.Feature[] zzdm -> j
    int zzdh -> d
    android.os.Bundle zzdk -> h
    int version -> b
    int zzdg -> c
    java.lang.String zzy -> e
com.google.android.gms.common.internal.GmsClient -> com.google.android.gms.common.internal.h:
    android.accounts.Account zax -> D
    java.util.Set mScopes -> C
    com.google.android.gms.common.internal.ClientSettings zafa -> B
    java.util.Set getScopes() -> A
    com.google.android.gms.common.internal.ClientSettings getClientSettings() -> E
    java.util.Set validateScopes(java.util.Set) -> a
    com.google.android.gms.common.internal.BaseGmsClient$BaseConnectionCallbacks zaa(com.google.android.gms.common.api.internal.ConnectionCallbacks) -> a
    com.google.android.gms.common.internal.BaseGmsClient$BaseOnConnectionFailedListener zaa(com.google.android.gms.common.api.internal.OnConnectionFailedListener) -> a
    java.util.Set zaa(java.util.Set) -> b
    java.util.Set getScopesForConnectionlessNonSignIn() -> j
    int getMinApkVersion() -> r
    android.accounts.Account getAccount() -> v
com.google.android.gms.common.internal.GmsClientEventManager -> com.google.android.gms.common.internal.i:
    java.util.concurrent.atomic.AtomicInteger zapa -> f
    java.lang.Object mLock -> i
    boolean zaoz -> e
    boolean zapb -> g
    java.util.ArrayList zaoy -> d
    com.google.android.gms.common.internal.GmsClientEventManager$GmsClientEventState zaov -> a
    java.util.ArrayList zaox -> c
    java.util.ArrayList zaow -> b
    android.os.Handler mHandler -> h
    void disableCallbacks() -> a
    void onConnectionFailure(com.google.android.gms.common.ConnectionResult) -> a
    void onConnectionSuccess(android.os.Bundle) -> a
    void onUnintentionalDisconnection(int) -> a
    void registerConnectionCallbacks(com.google.android.gms.common.api.GoogleApiClient$ConnectionCallbacks) -> a
    void registerConnectionFailedListener(com.google.android.gms.common.api.GoogleApiClient$OnConnectionFailedListener) -> a
    void enableCallbacks() -> b
    void unregisterConnectionFailedListener(com.google.android.gms.common.api.GoogleApiClient$OnConnectionFailedListener) -> b
com.google.android.gms.common.internal.GmsClientEventManager$GmsClientEventState -> com.google.android.gms.common.internal.i$a:
    boolean isConnected() -> c
    android.os.Bundle getConnectionHint() -> q