build/app/outputs/mapping/release/usage.txt
com.yourcompany.flutterchatapp.R$layout
com.yourcompany.flutterchatapp.R$integer
com.yourcompany.flutterchatapp.R$style
com.yourcompany.flutterchatapp.R$mipmap
com.yourcompany.flutterchatapp.R$id
com.yourcompany.flutterchatapp.R$dimen
com.yourcompany.flutterchatapp.R$attr
com.yourcompany.flutterchatapp.R$xml
com.yourcompany.flutterchatapp.BuildConfig
com.yourcompany.flutterchatapp.R$drawable
com.yourcompany.flutterchatapp.R$color
com.yourcompany.flutterchatapp.R$string
com.yourcompany.flutterchatapp.R
com.yourcompany.flutterchatapp.R$styleable
...
com.google.common.collect.MapConstraints$1
com.google.android.gms.security.ProviderInstaller$ProviderInstallListener
com.google.common.hash.HashingInputStream
com.google.common.collect.TransformedListIterator
com.google.firebase.auth.api.zza:
    public void <init>(java.lang.String)
androidx.legacy.coreutils.R$id
com.google.common.util.concurrent.Platform
com.google.common.collect.Multisets$4$1
androidx.customview.view.AbsSavedState$1
com.google.android.gms.internal.auth.zzam
com.google.common.util.concurrent.MoreExecutors$3
com.google.firebase.auth.api.internal.zzdz
com.google.firebase.storage.R
com.google.android.gms.auth.api.credentials.CredentialsApi:
    public abstract com.google.android.gms.common.api.PendingResult request(com.google.android.gms.common.api.GoogleApiClient,com.google.android.gms.auth.api.credentials.CredentialRequest)
    public abstract android.app.PendingIntent getHintPickerIntent(com.google.android.gms.common.api.GoogleApiClient,com.google.android.gms.auth.api.credentials.HintRequest)
    public abstract com.google.android.gms.common.api.PendingResult save(com.google.android.gms.common.api.GoogleApiClient,com.google.android.gms.auth.api.credentials.Credential)
    public abstract com.google.android.gms.common.api.PendingResult delete(com.google.android.gms.common.api.GoogleApiClient,com.google.android.gms.auth.api.credentials.Credential)
    public abstract com.google.android.gms.common.api.PendingResult disableAutoSignIn(com.google.android.gms.common.api.GoogleApiClient)
    public static final int ACTIVITY_RESULT_ADD_ACCOUNT
    public static final int ACTIVITY_RESULT_OTHER_ACCOUNT
    public static final int ACTIVITY_RESULT_NO_HINTS_AVAILABLE
    public static final int CREDENTIAL_PICKER_REQUEST_CODE
com.google.android.gms.common.data.DataBufferObserver
com.google.common.cache.LocalCache$Strength$3
androidx.coordinatorlayout.widget.CoordinatorLayout$HierarchyChangeListener
com.google.android.gms.internal.firebase_auth.zzdb:
    public final java.lang.String zzc()
androidx.legacy.app.ActionBarDrawerToggle$Delegate
com.google.common.collect.Iterators$10
com.google.firebase.auth.internal.zzaj
com.google.firebase.storage.network.ResumableNetworkRequest:
    static final java.lang.String PROTOCOL
    static final java.lang.String COMMAND
    static final java.lang.String CONTENT_TYPE
    static final java.lang.String OFFSET
com.google.common.collect.MultimapBuilder$EnumSetSupplier
com.google.common.collect.AbstractBiMap$Inverse
androidx.drawerlayout.widget.DrawerLayout$SavedState
com.google.android.gms.auth.api.signin.internal.GoogleSignInOptionsExtensionParcelable:
    public void <init>(com.google.android.gms.auth.api.signin.GoogleSignInOptionsExtension)
com.google.firebase.analytics.connector.internal.zzf
io.flutter.embedding.android.FlutterEngineProvider
com.google.common.util.concurrent.Futures$4
com.google.android.gms.common.internal.GmsClientSupervisor$zza:
    public void <init>(java.lang.String,int)
com.google.common.collect.MapDifference
com.google.common.reflect.ClassPath
com.google.android.gms.internal.common.zzg
com.google.common.primitives.Longs$LongArrayAsList